1668046319.391463 client started (13024): version 3.3a, socket /private/tmp/tmux-644719205/default, protocol 8
1668046319.391516 on Darwin 21.4.0 Darwin Kernel Version 21.4.0: Mon Feb 21 20:34:37 PST 2022; root:xnu-8020.101.4~2/RELEASE_X86_64
1668046319.392128 using libevent 2.1.12-stable (select); utf8proc 2.7.0; ncurses 6.3
1668046319.392179 flags are 0x10010000
1668046319.392196 socket is /private/tmp/tmux-644719205/default
1668046319.392213 trying connect
1668046319.392287 add peer 0x7fb5bc831000: 6 (0x0)
1668046319.395686 sending message 100 to peer 0x7fb5bc831000 (4 bytes)
1668046319.395722 sending message 111 to peer 0x7fb5bc831000 (8 bytes)
1668046319.395747 sending message 101 to peer 0x7fb5bc831000 (15 bytes)
1668046319.395760 sending message 109 to peer 0x7fb5bc831000 (4 bytes)
1668046319.395772 sending message 102 to peer 0x7fb5bc831000 (13 bytes)
1668046319.395782 sending message 108 to peer 0x7fb5bc831000 (25 bytes)
1668046319.395792 sending message 112 to peer 0x7fb5bc831000 (58 bytes)
1668046319.395803 sending message 112 to peer 0x7fb5bc831000 (5 bytes)
1668046319.395813 sending message 112 to peer 0x7fb5bc831000 (5 bytes)
1668046319.395823 sending message 112 to peer 0x7fb5bc831000 (6 bytes)
1668046319.395833 sending message 112 to peer 0x7fb5bc831000 (6 bytes)
1668046319.395843 sending message 112 to peer 0x7fb5bc831000 (11 bytes)
1668046319.395853 sending message 112 to peer 0x7fb5bc831000 (10 bytes)
1668046319.395863 sending message 112 to peer 0x7fb5bc831000 (13 bytes)
1668046319.395873 sending message 112 to peer 0x7fb5bc831000 (14 bytes)
1668046319.395883 sending message 112 to peer 0x7fb5bc831000 (19 bytes)
1668046319.395894 sending message 112 to peer 0x7fb5bc831000 (11 bytes)
1668046319.395904 sending message 112 to peer 0x7fb5bc831000 (10 bytes)
1668046319.395914 sending message 112 to peer 0x7fb5bc831000 (15 bytes)
1668046319.395924 sending message 112 to peer 0x7fb5bc831000 (21 bytes)
1668046319.395934 sending message 112 to peer 0x7fb5bc831000 (13 bytes)
1668046319.395944 sending message 112 to peer 0x7fb5bc831000 (7 bytes)
1668046319.395954 sending message 112 to peer 0x7fb5bc831000 (13 bytes)
1668046319.395964 sending message 112 to peer 0x7fb5bc831000 (7 bytes)
1668046319.395974 sending message 112 to peer 0x7fb5bc831000 (13 bytes)
1668046319.395984 sending message 112 to peer 0x7fb5bc831000 (9 bytes)
1668046319.395994 sending message 112 to peer 0x7fb5bc831000 (21 bytes)
1668046319.396004 sending message 112 to peer 0x7fb5bc831000 (13 bytes)
1668046319.396013 sending message 112 to peer 0x7fb5bc831000 (9 bytes)
1668046319.396023 sending message 112 to peer 0x7fb5bc831000 (16 bytes)
1668046319.396033 sending message 112 to peer 0x7fb5bc831000 (13 bytes)
1668046319.396043 sending message 112 to peer 0x7fb5bc831000 (9 bytes)
1668046319.396053 sending message 112 to peer 0x7fb5bc831000 (9 bytes)
1668046319.396063 sending message 112 to peer 0x7fb5bc831000 (12 bytes)
1668046319.396073 sending message 112 to peer 0x7fb5bc831000 (8 bytes)
1668046319.396083 sending message 112 to peer 0x7fb5bc831000 (8 bytes)
1668046319.396093 sending message 112 to peer 0x7fb5bc831000 (13 bytes)
1668046319.396103 sending message 112 to peer 0x7fb5bc831000 (7 bytes)
1668046319.396113 sending message 112 to peer 0x7fb5bc831000 (7 bytes)
1668046319.396123 sending message 112 to peer 0x7fb5bc831000 (9 bytes)
1668046319.396133 sending message 112 to peer 0x7fb5bc831000 (9 bytes)
1668046319.396143 sending message 112 to peer 0x7fb5bc831000 (15 bytes)
1668046319.396152 sending message 112 to peer 0x7fb5bc831000 (13 bytes)
1668046319.396162 sending message 112 to peer 0x7fb5bc831000 (12 bytes)
1668046319.396172 sending message 112 to peer 0x7fb5bc831000 (8 bytes)
1668046319.396182 sending message 112 to peer 0x7fb5bc831000 (14 bytes)
1668046319.396192 sending message 112 to peer 0x7fb5bc831000 (11 bytes)
1668046319.396202 sending message 112 to peer 0x7fb5bc831000 (9 bytes)
1668046319.396212 sending message 112 to peer 0x7fb5bc831000 (10 bytes)
1668046319.396222 sending message 112 to peer 0x7fb5bc831000 (10 bytes)
1668046319.396232 sending message 112 to peer 0x7fb5bc831000 (10 bytes)
1668046319.396261 sending message 112 to peer 0x7fb5bc831000 (10 bytes)
1668046319.396268 sending message 112 to peer 0x7fb5bc831000 (11 bytes)
1668046319.396275 sending message 112 to peer 0x7fb5bc831000 (12 bytes)
1668046319.396281 sending message 112 to peer 0x7fb5bc831000 (12 bytes)
1668046319.396288 sending message 112 to peer 0x7fb5bc831000 (12 bytes)
1668046319.396294 sending message 112 to peer 0x7fb5bc831000 (12 bytes)
1668046319.396300 sending message 112 to peer 0x7fb5bc831000 (12 bytes)
1668046319.396307 sending message 112 to peer 0x7fb5bc831000 (11 bytes)
1668046319.396313 sending message 112 to peer 0x7fb5bc831000 (11 bytes)
1668046319.396319 sending message 112 to peer 0x7fb5bc831000 (12 bytes)
1668046319.396326 sending message 112 to peer 0x7fb5bc831000 (12 bytes)
1668046319.396332 sending message 112 to peer 0x7fb5bc831000 (12 bytes)
1668046319.396339 sending message 112 to peer 0x7fb5bc831000 (12 bytes)
1668046319.396348 sending message 112 to peer 0x7fb5bc831000 (12 bytes)
1668046319.396355 sending message 112 to peer 0x7fb5bc831000 (9 bytes)
1668046319.396362 sending message 112 to peer 0x7fb5bc831000 (12 bytes)
1668046319.396368 sending message 112 to peer 0x7fb5bc831000 (13 bytes)
1668046319.396374 sending message 112 to peer 0x7fb5bc831000 (13 bytes)
1668046319.396381 sending message 112 to peer 0x7fb5bc831000 (13 bytes)
1668046319.396387 sending message 112 to peer 0x7fb5bc831000 (13 bytes)
1668046319.396394 sending message 112 to peer 0x7fb5bc831000 (13 bytes)
1668046319.396400 sending message 112 to peer 0x7fb5bc831000 (8 bytes)
1668046319.396406 sending message 112 to peer 0x7fb5bc831000 (11 bytes)
1668046319.396412 sending message 112 to peer 0x7fb5bc831000 (11 bytes)
1668046319.396419 sending message 112 to peer 0x7fb5bc831000 (11 bytes)
1668046319.396425 sending message 112 to peer 0x7fb5bc831000 (12 bytes)
1668046319.396431 sending message 112 to peer 0x7fb5bc831000 (12 bytes)
1668046319.396438 sending message 112 to peer 0x7fb5bc831000 (12 bytes)
1668046319.396444 sending message 112 to peer 0x7fb5bc831000 (12 bytes)
1668046319.396451 sending message 112 to peer 0x7fb5bc831000 (13 bytes)
1668046319.396457 sending message 112 to peer 0x7fb5bc831000 (13 bytes)
1668046319.396463 sending message 112 to peer 0x7fb5bc831000 (13 bytes)
1668046319.396470 sending message 112 to peer 0x7fb5bc831000 (8 bytes)
1668046319.396476 sending message 112 to peer 0x7fb5bc831000 (13 bytes)
1668046319.396482 sending message 112 to peer 0x7fb5bc831000 (13 bytes)
1668046319.396489 sending message 112 to peer 0x7fb5bc831000 (13 bytes)
1668046319.396495 sending message 112 to peer 0x7fb5bc831000 (13 bytes)
1668046319.396501 sending message 112 to peer 0x7fb5bc831000 (13 bytes)
1668046319.396507 sending message 112 to peer 0x7fb5bc831000 (12 bytes)
1668046319.396514 sending message 112 to peer 0x7fb5bc831000 (12 bytes)
1668046319.396520 sending message 112 to peer 0x7fb5bc831000 (12 bytes)
1668046319.396527 sending message 112 to peer 0x7fb5bc831000 (12 bytes)
1668046319.396533 sending message 112 to peer 0x7fb5bc831000 (13 bytes)
1668046319.396540 sending message 112 to peer 0x7fb5bc831000 (8 bytes)
1668046319.396546 sending message 112 to peer 0x7fb5bc831000 (13 bytes)
1668046319.396552 sending message 112 to peer 0x7fb5bc831000 (13 bytes)
1668046319.396559 sending message 112 to peer 0x7fb5bc831000 (13 bytes)
1668046319.396565 sending message 112 to peer 0x7fb5bc831000 (13 bytes)
1668046319.396571 sending message 112 to peer 0x7fb5bc831000 (13 bytes)
1668046319.396578 sending message 112 to peer 0x7fb5bc831000 (13 bytes)
1668046319.396584 sending message 112 to peer 0x7fb5bc831000 (13 bytes)
1668046319.396591 sending message 112 to peer 0x7fb5bc831000 (12 bytes)
1668046319.396597 sending message 112 to peer 0x7fb5bc831000 (12 bytes)
1668046319.396604 sending message 112 to peer 0x7fb5bc831000 (12 bytes)
1668046319.396610 sending message 112 to peer 0x7fb5bc831000 (8 bytes)
1668046319.396616 sending message 112 to peer 0x7fb5bc831000 (12 bytes)
1668046319.396638 sending message 112 to peer 0x7fb5bc831000 (13 bytes)
1668046319.396644 sending message 112 to peer 0x7fb5bc831000 (13 bytes)
1668046319.396651 sending message 112 to peer 0x7fb5bc831000 (13 bytes)
1668046319.396657 sending message 112 to peer 0x7fb5bc831000 (13 bytes)
1668046319.396664 sending message 112 to peer 0x7fb5bc831000 (13 bytes)
1668046319.396670 sending message 112 to peer 0x7fb5bc831000 (13 bytes)
1668046319.396676 sending message 112 to peer 0x7fb5bc831000 (13 bytes)
1668046319.396683 sending message 112 to peer 0x7fb5bc831000 (13 bytes)
1668046319.396689 sending message 112 to peer 0x7fb5bc831000 (12 bytes)
1668046319.396696 sending message 112 to peer 0x7fb5bc831000 (10 bytes)
1668046319.396702 sending message 112 to peer 0x7fb5bc831000 (12 bytes)
1668046319.396709 sending message 112 to peer 0x7fb5bc831000 (12 bytes)
1668046319.396715 sending message 112 to peer 0x7fb5bc831000 (12 bytes)
1668046319.396721 sending message 112 to peer 0x7fb5bc831000 (13 bytes)
1668046319.396728 sending message 112 to peer 0x7fb5bc831000 (13 bytes)
1668046319.396734 sending message 112 to peer 0x7fb5bc831000 (13 bytes)
1668046319.396740 sending message 112 to peer 0x7fb5bc831000 (13 bytes)
1668046319.396747 sending message 112 to peer 0x7fb5bc831000 (13 bytes)
1668046319.396753 sending message 112 to peer 0x7fb5bc831000 (13 bytes)
1668046319.396759 sending message 112 to peer 0x7fb5bc831000 (13 bytes)
1668046319.396766 sending message 112 to peer 0x7fb5bc831000 (10 bytes)
1668046319.396775 sending message 112 to peer 0x7fb5bc831000 (13 bytes)
1668046319.396782 sending message 112 to peer 0x7fb5bc831000 (12 bytes)
1668046319.396788 sending message 112 to peer 0x7fb5bc831000 (12 bytes)
1668046319.396794 sending message 112 to peer 0x7fb5bc831000 (12 bytes)
1668046319.396801 sending message 112 to peer 0x7fb5bc831000 (10 bytes)
1668046319.396809 sending message 112 to peer 0x7fb5bc831000 (10 bytes)
1668046319.396816 sending message 112 to peer 0x7fb5bc831000 (10 bytes)
1668046319.396827 sending message 112 to peer 0x7fb5bc831000 (12 bytes)
1668046319.396837 sending message 112 to peer 0x7fb5bc831000 (13 bytes)
1668046319.396849 sending message 112 to peer 0x7fb5bc831000 (13 bytes)
1668046319.396857 sending message 112 to peer 0x7fb5bc831000 (13 bytes)
1668046319.396864 sending message 112 to peer 0x7fb5bc831000 (13 bytes)
1668046319.396870 sending message 112 to peer 0x7fb5bc831000 (13 bytes)
1668046319.396877 sending message 112 to peer 0x7fb5bc831000 (10 bytes)
1668046319.396885 sending message 112 to peer 0x7fb5bc831000 (11 bytes)
1668046319.396893 sending message 112 to peer 0x7fb5bc831000 (12 bytes)
1668046319.396900 sending message 112 to peer 0x7fb5bc831000 (12 bytes)
1668046319.396906 sending message 112 to peer 0x7fb5bc831000 (12 bytes)
1668046319.396913 sending message 112 to peer 0x7fb5bc831000 (12 bytes)
1668046319.396919 sending message 112 to peer 0x7fb5bc831000 (12 bytes)
1668046319.396925 sending message 112 to peer 0x7fb5bc831000 (11 bytes)
1668046319.396932 sending message 112 to peer 0x7fb5bc831000 (12 bytes)
1668046319.396938 sending message 112 to peer 0x7fb5bc831000 (12 bytes)
1668046319.396944 sending message 112 to peer 0x7fb5bc831000 (13 bytes)
1668046319.396951 sending message 112 to peer 0x7fb5bc831000 (13 bytes)
1668046319.396957 sending message 112 to peer 0x7fb5bc831000 (13 bytes)
1668046319.396963 sending message 112 to peer 0x7fb5bc831000 (13 bytes)
1668046319.396970 sending message 112 to peer 0x7fb5bc831000 (13 bytes)
1668046319.396976 sending message 112 to peer 0x7fb5bc831000 (10 bytes)
1668046319.396982 sending message 112 to peer 0x7fb5bc831000 (9 bytes)
1668046319.396989 sending message 112 to peer 0x7fb5bc831000 (12 bytes)
1668046319.396995 sending message 112 to peer 0x7fb5bc831000 (13 bytes)
1668046319.397001 sending message 112 to peer 0x7fb5bc831000 (13 bytes)
1668046319.397007 sending message 112 to peer 0x7fb5bc831000 (13 bytes)
1668046319.397014 sending message 112 to peer 0x7fb5bc831000 (13 bytes)
1668046319.397020 sending message 112 to peer 0x7fb5bc831000 (13 bytes)
1668046319.397041 sending message 112 to peer 0x7fb5bc831000 (9 bytes)
1668046319.397048 sending message 112 to peer 0x7fb5bc831000 (12 bytes)
1668046319.397054 sending message 112 to peer 0x7fb5bc831000 (13 bytes)
1668046319.397061 sending message 112 to peer 0x7fb5bc831000 (13 bytes)
1668046319.397067 sending message 112 to peer 0x7fb5bc831000 (13 bytes)
1668046319.397073 sending message 112 to peer 0x7fb5bc831000 (13 bytes)
1668046319.397079 sending message 112 to peer 0x7fb5bc831000 (13 bytes)
1668046319.397086 sending message 112 to peer 0x7fb5bc831000 (11 bytes)
1668046319.397092 sending message 112 to peer 0x7fb5bc831000 (12 bytes)
1668046319.397099 sending message 112 to peer 0x7fb5bc831000 (13 bytes)
1668046319.397105 sending message 112 to peer 0x7fb5bc831000 (13 bytes)
1668046319.397111 sending message 112 to peer 0x7fb5bc831000 (13 bytes)
1668046319.397117 sending message 112 to peer 0x7fb5bc831000 (13 bytes)
1668046319.397124 sending message 112 to peer 0x7fb5bc831000 (13 bytes)
1668046319.397130 sending message 112 to peer 0x7fb5bc831000 (11 bytes)
1668046319.397136 sending message 112 to peer 0x7fb5bc831000 (12 bytes)
1668046319.397143 sending message 112 to peer 0x7fb5bc831000 (12 bytes)
1668046319.397149 sending message 112 to peer 0x7fb5bc831000 (12 bytes)
1668046319.397155 sending message 112 to peer 0x7fb5bc831000 (12 bytes)
1668046319.397162 sending message 112 to peer 0x7fb5bc831000 (12 bytes)
1668046319.397168 sending message 112 to peer 0x7fb5bc831000 (21 bytes)
1668046319.397174 sending message 112 to peer 0x7fb5bc831000 (12 bytes)
1668046319.397181 sending message 112 to peer 0x7fb5bc831000 (9 bytes)
1668046319.397187 sending message 112 to peer 0x7fb5bc831000 (6 bytes)
1668046319.397193 sending message 112 to peer 0x7fb5bc831000 (13 bytes)
1668046319.397200 sending message 112 to peer 0x7fb5bc831000 (10 bytes)
1668046319.397206 sending message 112 to peer 0x7fb5bc831000 (24 bytes)
1668046319.397212 sending message 112 to peer 0x7fb5bc831000 (13 bytes)
1668046319.397221 sending message 112 to peer 0x7fb5bc831000 (9 bytes)
1668046319.397228 sending message 112 to peer 0x7fb5bc831000 (70 bytes)
1668046319.397235 sending message 112 to peer 0x7fb5bc831000 (69 bytes)
1668046319.397241 sending message 112 to peer 0x7fb5bc831000 (12 bytes)
1668046319.397247 sending message 112 to peer 0x7fb5bc831000 (10 bytes)
1668046319.397254 sending message 112 to peer 0x7fb5bc831000 (10 bytes)
1668046319.397261 sending message 112 to peer 0x7fb5bc831000 (24 bytes)
1668046319.397267 sending message 112 to peer 0x7fb5bc831000 (13 bytes)
1668046319.397274 sending message 112 to peer 0x7fb5bc831000 (10 bytes)
1668046319.397281 sending message 112 to peer 0x7fb5bc831000 (10 bytes)
1668046319.397288 sending message 112 to peer 0x7fb5bc831000 (10 bytes)
1668046319.397295 sending message 112 to peer 0x7fb5bc831000 (13 bytes)
1668046319.397302 sending message 112 to peer 0x7fb5bc831000 (15 bytes)
1668046319.397309 sending message 112 to peer 0x7fb5bc831000 (5 bytes)
1668046319.397317 sending message 104 to peer 0x7fb5bc831000 (0 bytes)
1668046319.397325 sending message 110 to peer 0x7fb5bc831000 (0 bytes)
1668046319.397331 sending message 107 to peer 0x7fb5bc831000 (4 bytes)
1668046319.397338 sending message 105 to peer 0x7fb5bc831000 (82 bytes)
1668046319.397344 sending message 105 to peer 0x7fb5bc831000 (86 bytes)
1668046319.397350 sending message 105 to peer 0x7fb5bc831000 (44 bytes)
1668046319.397357 sending message 105 to peer 0x7fb5bc831000 (59 bytes)
1668046319.397363 sending message 105 to peer 0x7fb5bc831000 (19 bytes)
1668046319.397370 sending message 105 to peer 0x7fb5bc831000 (138 bytes)
1668046319.397376 sending message 105 to peer 0x7fb5bc831000 (20 bytes)
1668046319.397384 sending message 105 to peer 0x7fb5bc831000 (22 bytes)
1668046319.397391 sending message 105 to peer 0x7fb5bc831000 (64 bytes)
1668046319.397398 sending message 105 to peer 0x7fb5bc831000 (32 bytes)
1668046319.397406 sending message 105 to peer 0x7fb5bc831000 (12 bytes)
1668046319.397413 sending message 105 to peer 0x7fb5bc831000 (19 bytes)
1668046319.397432 sending message 105 to peer 0x7fb5bc831000 (56 bytes)
1668046319.397439 sending message 105 to peer 0x7fb5bc831000 (16 bytes)
1668046319.397445 sending message 105 to peer 0x7fb5bc831000 (15 bytes)
1668046319.397452 sending message 105 to peer 0x7fb5bc831000 (8 bytes)
1668046319.397458 sending message 105 to peer 0x7fb5bc831000 (12 bytes)
1668046319.397464 sending message 105 to peer 0x7fb5bc831000 (32 bytes)
1668046319.397471 sending message 105 to peer 0x7fb5bc831000 (31 bytes)
1668046319.397477 sending message 105 to peer 0x7fb5bc831000 (58 bytes)
1668046319.397484 sending message 105 to peer 0x7fb5bc831000 (32 bytes)
1668046319.397490 sending message 105 to peer 0x7fb5bc831000 (21 bytes)
1668046319.397496 sending message 105 to peer 0x7fb5bc831000 (44 bytes)
1668046319.397503 sending message 105 to peer 0x7fb5bc831000 (10 bytes)
1668046319.397509 sending message 105 to peer 0x7fb5bc831000 (12 bytes)
1668046319.397516 sending message 105 to peer 0x7fb5bc831000 (11 bytes)
1668046319.397522 sending message 105 to peer 0x7fb5bc831000 (1295 bytes)
1668046319.397529 sending message 105 to peer 0x7fb5bc831000 (33 bytes)
1668046319.397536 sending message 105 to peer 0x7fb5bc831000 (16 bytes)
1668046319.397542 sending message 105 to peer 0x7fb5bc831000 (29 bytes)
1668046319.397549 sending message 105 to peer 0x7fb5bc831000 (15 bytes)
1668046319.397555 sending message 105 to peer 0x7fb5bc831000 (8 bytes)
1668046319.397561 sending message 105 to peer 0x7fb5bc831000 (66 bytes)
1668046319.397568 sending message 105 to peer 0x7fb5bc831000 (20 bytes)
1668046319.397574 sending message 105 to peer 0x7fb5bc831000 (18 bytes)
1668046319.397580 sending message 105 to peer 0x7fb5bc831000 (26 bytes)
1668046319.397587 sending message 105 to peer 0x7fb5bc831000 (57 bytes)
1668046319.397593 sending message 105 to peer 0x7fb5bc831000 (49 bytes)
1668046319.397599 sending message 105 to peer 0x7fb5bc831000 (13 bytes)
1668046319.397606 sending message 105 to peer 0x7fb5bc831000 (51 bytes)
1668046319.397612 sending message 105 to peer 0x7fb5bc831000 (26 bytes)
1668046319.397618 sending message 105 to peer 0x7fb5bc831000 (9 bytes)
1668046319.397625 sending message 105 to peer 0x7fb5bc831000 (22 bytes)
1668046319.397631 sending message 105 to peer 0x7fb5bc831000 (38 bytes)
1668046319.397640 sending message 105 to peer 0x7fb5bc831000 (35 bytes)
1668046319.397647 sending message 105 to peer 0x7fb5bc831000 (14 bytes)
1668046319.397654 sending message 105 to peer 0x7fb5bc831000 (19 bytes)
1668046319.397660 sending message 105 to peer 0x7fb5bc831000 (38 bytes)
1668046319.397666 sending message 105 to peer 0x7fb5bc831000 (64 bytes)
1668046319.397673 sending message 105 to peer 0x7fb5bc831000 (26 bytes)
1668046319.397679 sending message 105 to peer 0x7fb5bc831000 (38 bytes)
1668046319.397685 sending message 105 to peer 0x7fb5bc831000 (30 bytes)
1668046319.397692 sending message 105 to peer 0x7fb5bc831000 (22 bytes)
1668046319.397698 sending message 105 to peer 0x7fb5bc831000 (74 bytes)
1668046319.397705 sending message 105 to peer 0x7fb5bc831000 (34 bytes)
1668046319.397711 sending message 105 to peer 0x7fb5bc831000 (43 bytes)
1668046319.397717 sending message 105 to peer 0x7fb5bc831000 (22 bytes)
1668046319.397723 sending message 106 to peer 0x7fb5bc831000 (0 bytes)
1668046319.397829 sending message 200 to peer 0x7fb5bc831000 (4 bytes)
1668046319.397841 client loop enter
1668046319.398141 peer 0x7fb5bc831000 message 303
1668046319.398168 open write file 2 -
1668046319.398214 sending message 305 to peer 0x7fb5bc831000 (8 bytes)
1668046319.398243 write check file 2
1668046319.398286 peer 0x7fb5bc831000 message 304
1668046319.398306 write 58 to file 2
1668046319.398324 peer 0x7fb5bc831000 message 203
1668046319.398333 file 2 58 bytes left
1668046319.398360 write check file 2
1668046319.398371 client loop exit
